<?xml version="1.0" encoding="UTF-8"?>
<testsuite xmlns:xsi="http://www.w3.org/2001/XMLSchema-instance" xsi:noNamespaceSchemaLocation="https://maven.apache.org/surefire/maven-surefire-plugin/xsd/surefire-test-report-3.0.xsd" version="3.0" name="mediantwosortedarrays.TestMedianSolution" time="0.018" tests="27" errors="0" skipped="0" failures="0">
  <properties>
    <property name="java.specification.version" value="21"/>
    <property name="sun.jnu.encoding" value="UTF-8"/>
    <property name="java.class.path" value="/Users/desz/eclipse-workspace/leet/target/test-classes:/Users/desz/eclipse-workspace/leet/target/classes:/Users/desz/.m2/repository/org/junit/jupiter/junit-jupiter-engine/5.5.2/junit-jupiter-engine-5.5.2.jar:/Users/desz/.m2/repository/org/apiguardian/apiguardian-api/1.1.0/apiguardian-api-1.1.0.jar:/Users/desz/.m2/repository/org/junit/platform/junit-platform-engine/1.5.2/junit-platform-engine-1.5.2.jar:/Users/desz/.m2/repository/org/opentest4j/opentest4j/1.2.0/opentest4j-1.2.0.jar:/Users/desz/.m2/repository/org/junit/platform/junit-platform-commons/1.5.2/junit-platform-commons-1.5.2.jar:/Users/desz/.m2/repository/org/junit/jupiter/junit-jupiter-api/5.5.2/junit-jupiter-api-5.5.2.jar:/Users/desz/.m2/repository/org/openjdk/jmh/jmh-core/1.37/jmh-core-1.37.jar:/Users/desz/.m2/repository/net/sf/jopt-simple/jopt-simple/5.0.4/jopt-simple-5.0.4.jar:/Users/desz/.m2/repository/org/apache/commons/commons-math3/3.6.1/commons-math3-3.6.1.jar:/Users/desz/.m2/repository/org/openjdk/jmh/jmh-generator-annprocess/1.37/jmh-generator-annprocess-1.37.jar:/Users/desz/.m2/repository/org/openjdk/jmh/jmh-generator-bytecode/1.37/jmh-generator-bytecode-1.37.jar:/Users/desz/.m2/repository/org/openjdk/jmh/jmh-generator-reflection/1.37/jmh-generator-reflection-1.37.jar:/Users/desz/.m2/repository/org/openjdk/jmh/jmh-generator-asm/1.37/jmh-generator-asm-1.37.jar:/Users/desz/.m2/repository/org/ow2/asm/asm/9.0/asm-9.0.jar:"/>
    <property name="java.vm.vendor" value="Homebrew"/>
    <property name="sun.arch.data.model" value="64"/>
    <property name="java.vendor.url" value="https://github.com/Homebrew/homebrew-core/issues"/>
    <property name="os.name" value="Mac OS X"/>
    <property name="java.vm.specification.version" value="21"/>
    <property name="sun.java.launcher" value="SUN_STANDARD"/>
    <property name="user.country" value="GB"/>
    <property name="sun.boot.library.path" value="/opt/homebrew/Cellar/openjdk/21.0.1/libexec/openjdk.jdk/Contents/Home/lib"/>
    <property name="sun.java.command" value="/Users/desz/eclipse-workspace/leet/target/surefire/surefirebooter2484091296719171954.jar /Users/desz/eclipse-workspace/leet/target/surefire 2024-01-10T19-52-25_932-jvmRun1 surefire8232554298474153261tmp surefire_03528088162423774414tmp"/>
    <property name="http.nonProxyHosts" value="local|*.local|169.254/16|*.169.254/16"/>
    <property name="jdk.debug" value="release"/>
    <property name="surefire.test.class.path" value="/Users/desz/eclipse-workspace/leet/target/test-classes:/Users/desz/eclipse-workspace/leet/target/classes:/Users/desz/.m2/repository/org/junit/jupiter/junit-jupiter-engine/5.5.2/junit-jupiter-engine-5.5.2.jar:/Users/desz/.m2/repository/org/apiguardian/apiguardian-api/1.1.0/apiguardian-api-1.1.0.jar:/Users/desz/.m2/repository/org/junit/platform/junit-platform-engine/1.5.2/junit-platform-engine-1.5.2.jar:/Users/desz/.m2/repository/org/opentest4j/opentest4j/1.2.0/opentest4j-1.2.0.jar:/Users/desz/.m2/repository/org/junit/platform/junit-platform-commons/1.5.2/junit-platform-commons-1.5.2.jar:/Users/desz/.m2/repository/org/junit/jupiter/junit-jupiter-api/5.5.2/junit-jupiter-api-5.5.2.jar:/Users/desz/.m2/repository/org/openjdk/jmh/jmh-core/1.37/jmh-core-1.37.jar:/Users/desz/.m2/repository/net/sf/jopt-simple/jopt-simple/5.0.4/jopt-simple-5.0.4.jar:/Users/desz/.m2/repository/org/apache/commons/commons-math3/3.6.1/commons-math3-3.6.1.jar:/Users/desz/.m2/repository/org/openjdk/jmh/jmh-generator-annprocess/1.37/jmh-generator-annprocess-1.37.jar:/Users/desz/.m2/repository/org/openjdk/jmh/jmh-generator-bytecode/1.37/jmh-generator-bytecode-1.37.jar:/Users/desz/.m2/repository/org/openjdk/jmh/jmh-generator-reflection/1.37/jmh-generator-reflection-1.37.jar:/Users/desz/.m2/repository/org/openjdk/jmh/jmh-generator-asm/1.37/jmh-generator-asm-1.37.jar:/Users/desz/.m2/repository/org/ow2/asm/asm/9.0/asm-9.0.jar:"/>
    <property name="sun.cpu.endian" value="little"/>
    <property name="user.home" value="/Users/desz"/>
    <property name="user.language" value="en"/>
    <property name="java.specification.vendor" value="Oracle Corporation"/>
    <property name="java.version.date" value="2023-10-17"/>
    <property name="java.home" value="/opt/homebrew/Cellar/openjdk/21.0.1/libexec/openjdk.jdk/Contents/Home"/>
    <property name="file.separator" value="/"/>
    <property name="basedir" value="/Users/desz/eclipse-workspace/leet"/>
    <property name="java.vm.compressedOopsMode" value="Zero based"/>
    <property name="line.separator" value="&#10;"/>
    <property name="java.vm.specification.vendor" value="Oracle Corporation"/>
    <property name="java.specification.name" value="Java Platform API Specification"/>
    <property name="apple.awt.application.name" value="ForkedBooter"/>
    <property name="surefire.real.class.path" value="/Users/desz/eclipse-workspace/leet/target/surefire/surefirebooter2484091296719171954.jar"/>
    <property name="sun.management.compiler" value="HotSpot 64-Bit Tiered Compilers"/>
    <property name="ftp.nonProxyHosts" value="local|*.local|169.254/16|*.169.254/16"/>
    <property name="java.runtime.version" value="21.0.1"/>
    <property name="user.name" value="desz"/>
    <property name="stdout.encoding" value="UTF-8"/>
    <property name="path.separator" value=":"/>
    <property name="os.version" value="14.2.1"/>
    <property name="java.runtime.name" value="OpenJDK Runtime Environment"/>
    <property name="file.encoding" value="UTF-8"/>
    <property name="java.vm.name" value="OpenJDK 64-Bit Server VM"/>
    <property name="java.vendor.version" value="Homebrew"/>
    <property name="localRepository" value="/Users/desz/.m2/repository"/>
    <property name="java.vendor.url.bug" value="https://github.com/Homebrew/homebrew-core/issues"/>
    <property name="java.io.tmpdir" value="/var/folders/wd/0yk93ws942xcscyqmhk8nh1h0000gn/T/"/>
    <property name="java.version" value="21.0.1"/>
    <property name="user.dir" value="/Users/desz/eclipse-workspace/leet"/>
    <property name="os.arch" value="aarch64"/>
    <property name="java.vm.specification.name" value="Java Virtual Machine Specification"/>
    <property name="native.encoding" value="UTF-8"/>
    <property name="java.library.path" value="/Users/desz/Library/Java/Extensions:/Library/Java/Extensions:/Network/Library/Java/Extensions:/System/Library/Java/Extensions:/usr/lib/java:."/>
    <property name="java.vm.info" value="mixed mode, sharing"/>
    <property name="stderr.encoding" value="UTF-8"/>
    <property name="java.vendor" value="Homebrew"/>
    <property name="java.vm.version" value="21.0.1"/>
    <property name="sun.io.unicode.encoding" value="UnicodeBig"/>
    <property name="socksNonProxyHosts" value="local|*.local|169.254/16|*.169.254/16"/>
    <property name="java.class.version" value="65.0"/>
  </properties>
  <testcase name="test123AndMinusPairTo6" classname="mediantwosortedarrays.TestMedianSolution" time="0.007"/>
  <testcase name="test333AndNeg333" classname="mediantwosortedarrays.TestMedianSolution" time="0"/>
  <testcase name="testEmptyAnd13" classname="mediantwosortedarrays.TestMedianSolution" time="0.001"/>
  <testcase name="testEmptyAnd23" classname="mediantwosortedarrays.TestMedianSolution" time="0"/>
  <testcase name="testBothEmpty" classname="mediantwosortedarrays.TestMedianSolution" time="0"/>
  <testcase name="testEmptyAnd1To6WithNegative3" classname="mediantwosortedarrays.TestMedianSolution" time="0.001"/>
  <testcase name="test1And1" classname="mediantwosortedarrays.TestMedianSolution" time="0"/>
  <testcase name="test1And2" classname="mediantwosortedarrays.TestMedianSolution" time="0"/>
  <testcase name="test123And12" classname="mediantwosortedarrays.TestMedianSolution" time="0.001"/>
  <testcase name="test12And123" classname="mediantwosortedarrays.TestMedianSolution" time="0"/>
  <testcase name="test12And124" classname="mediantwosortedarrays.TestMedianSolution" time="0"/>
  <testcase name="test12AndNeg13" classname="mediantwosortedarrays.TestMedianSolution" time="0"/>
  <testcase name="test11And11" classname="mediantwosortedarrays.TestMedianSolution" time="0"/>
  <testcase name="test12And12" classname="mediantwosortedarrays.TestMedianSolution" time="0"/>
  <testcase name="test12And34" classname="mediantwosortedarrays.TestMedianSolution" time="0"/>
  <testcase name="test13And24" classname="mediantwosortedarrays.TestMedianSolution" time="0"/>
  <testcase name="testEmptyAnd1To4" classname="mediantwosortedarrays.TestMedianSolution" time="0"/>
  <testcase name="testEmptyAnd1To6" classname="mediantwosortedarrays.TestMedianSolution" time="0"/>
  <testcase name="testEmptyAnd1to5" classname="mediantwosortedarrays.TestMedianSolution" time="0.001"/>
  <testcase name="test3AndNeg21" classname="mediantwosortedarrays.TestMedianSolution" time="0"/>
  <testcase name="testZerosAndZerosAndNeg" classname="mediantwosortedarrays.TestMedianSolution" time="0"/>
  <testcase name="testEvenLarge" classname="mediantwosortedarrays.TestMedianSolution" time="0"/>
  <testcase name="test13And2" classname="mediantwosortedarrays.TestMedianSolution" time="0"/>
  <testcase name="test1And23" classname="mediantwosortedarrays.TestMedianSolution" time="0"/>
  <testcase name="testEmptyAndSingle" classname="mediantwosortedarrays.TestMedianSolution" time="0.001"/>
  <testcase name="testEven31And42" classname="mediantwosortedarrays.TestMedianSolution" time="0"/>
  <testcase name="testBoth1To5Elements" classname="mediantwosortedarrays.TestMedianSolution" time="0"/>
</testsuite>